<?xml version="1.0" encoding="UTF-8"?>
<testsuite xmlns:xsi="http://www.w3.org/2001/XMLSchema-instance" xsi:noNamespaceSchemaLocation="https://maven.apache.org/surefire/maven-surefire-plugin/xsd/surefire-test-report-3.0.xsd" version="3.0" name="com.workintech.s18d1.ApplicationPropertiesAndControllerTest" time="4.428" tests="11" errors="0" skipped="0" failures="0">
  <properties>
[...]
</properties>
  <testcase name="testFindByBreadType" classname="com.workintech.s18d1.ApplicationPropertiesAndControllerTest" time="0.332">
    <system-out><![CDATA[Standard Commons Logging discovery in action with spring-jcl: please remove commons-logging.jar from classpath in order to avoid potential conflicts
00:08:11.744 [main] INFO org.springframework.test.context.support.AnnotationConfigContextLoaderUtils -- Could not detect default configuration classes for test class [com.workintech.s18d1.ApplicationPropertiesAndControllerTest]: ApplicationPropertiesAndControllerTest does not declare any static, non-private, non-final, nested classes annotated with @Configuration.
00:08:11.916 [main] INFO org.springframework.boot.test.context.SpringBootTestContextBootstrapper -- Found @SpringBootConfiguration com.workintech.s18d1.S18d1Application for test class com.workintech.s18d1.ApplicationPropertiesAndControllerTest

  .   ____          _            __ _ _
 /\\ / ___'_ __ _ _(_)_ __  __ _ \ \ \ \
( ( )\___ | '_ | '_| | '_ \/ _` | \ \ \ \
 \\/  ___)| |_)| | | | | || (_| |  ) ) ) )
  '  |____| .__|_| |_|_| |_\__, | / / / /
 =========|_|==============|___/=/_/_/_/
 :: Spring Boot ::                (v3.2.4)

2026-09-13T00:08:12.450+03:00  INFO 14272 --- [           main] s.ApplicationPropertiesAndControllerTest : Starting ApplicationPropertiesAndControllerTest using Java 17.0.11 with PID 14272 (started by User in C:\Users\User\Documents\GitHub\FSWEB-S18D4-Maven)
2026-09-13T00:08:12.451+03:00  INFO 14272 --- [           main] s.ApplicationPropertiesAndControllerTest : No active profile set, falling back to 1 default profile: "default"
2026-09-13T00:08:14.842+03:00  INFO 14272 --- [           main] o.s.b.t.m.w.SpringBootMockServletContext : Initializing Spring TestDispatcherServlet ''
2026-09-13T00:08:14.843+03:00  INFO 14272 --- [           main] o.s.t.web.servlet.TestDispatcherServlet  : Initializing Servlet ''
2026-09-13T00:08:14.846+03:00  INFO 14272 --- [           main] o.s.t.web.servlet.TestDispatcherServlet  : Completed initialization in 2 ms
2026-09-13T00:08:14.883+03:00  INFO 14272 --- [           main] s.ApplicationPropertiesAndControllerTest : Started ApplicationPropertiesAndControllerTest in 2.849 seconds (process running for 3.978)
]]></system-out>
  </testcase>
  <testcase name="testFindAllBurgers" classname="com.workintech.s18d1.ApplicationPropertiesAndControllerTest" time="0.01"/>
  <testcase name="testGetBurgerById" classname="com.workintech.s18d1.ApplicationPropertiesAndControllerTest" time="0.013"/>
  <testcase name="testGenericException" classname="com.workintech.s18d1.ApplicationPropertiesAndControllerTest" time="0.026">
    <system-out><![CDATA[2026-09-13T00:08:15.280+03:00 ERROR 14272 --- [           main] c.w.s.exceptions.GlobalExceptionHandler  : Exception occurred: Unexpected error
]]></system-out>
  </testcase>
  <testcase name="testUpdateBurger" classname="com.workintech.s18d1.ApplicationPropertiesAndControllerTest" time="0.063"/>
  <testcase name="testRemoveBurger" classname="com.workintech.s18d1.ApplicationPropertiesAndControllerTest" time="0.008"/>
  <testcase name="testFindByContent" classname="com.workintech.s18d1.ApplicationPropertiesAndControllerTest" time="0.02"/>
  <testcase name="testSaveBurger" classname="com.workintech.s18d1.ApplicationPropertiesAndControllerTest" time="0.008"/>
  <testcase name="serverPortIsSetTo8585" classname="com.workintech.s18d1.ApplicationPropertiesAndControllerTest" time="0.1"/>
  <testcase name="testFindByPrice" classname="com.workintech.s18d1.ApplicationPropertiesAndControllerTest" time="0.007"/>
  <testcase name="testBurgerNotFoundException" classname="com.workintech.s18d1.ApplicationPropertiesAndControllerTest" time="0.009">
    <system-out><![CDATA[2026-09-13T00:08:15.524+03:00 ERROR 14272 --- [           main] c.w.s.exceptions.GlobalExceptionHandler  : BurgerException occurred: Burger not found
]]></system-out>
  </testcase>
</testsuite>